<?xml version="1.0" encoding="UTF-8"?>
<testsuite name="com.Test.allure.AttachmentsTest" tests="1" skipped="0" failures="0" errors="0" timestamp="2023-10-18T15:46:30" hostname="DESKTOP-ROL5753" time="9.447">
  <properties/>
  <testcase name="testAnnotatedAttachments()" classname="com.Test.allure.AttachmentsTest" time="9.447"/>
  <system-out><![CDATA[]]></system-out>
  <system-err><![CDATA[ERROR StatusLogger Log4j2 could not find a logging implementation. Please add log4j-core to the classpath. Using SimpleLogger to log to the console...
окт 18, 2023 6:46:36 PM org.openqa.selenium.devtools.CdpVersionFinder findNearestMatch
WARNING: Unable to find an exact match for CDP version 118, so returning the closest version found: 117
]]></system-err>
</testsuite>
